<?xml version="1.0" encoding="UTF-8" ?>
<testsuite tests="62" failures="0" name="models.GuitarTest" time="0.009" errors="0" skipped="0">
  <properties>
[...]
</properties>
  <testcase classname="models.GuitarTest" name="getNeckWood_mahogany" time="0"/>
  <testcase classname="models.GuitarTest" name="getGuitarCase_gibsonHardcase" time="0"/>
  <testcase classname="models.GuitarTest" name="setBodyWood_ash" time="0"/>
  <testcase classname="models.GuitarTest" name="setBridge_wraparound" time="0"/>
  <testcase classname="models.GuitarTest" name="setGuitarSwitch" time="0"/>
  <testcase classname="models.GuitarTest" name="setTonePots_1MCTS" time="0"/>
  <testcase classname="models.GuitarTest" name="getFinish_lacquer" time="0"/>
  <testcase classname="models.GuitarTest" name="setNeckPickup_goldFoil" time="0"/>
  <testcase classname="models.GuitarTest" name="newGuitarInstantiatesCorrectly" time="0"/>
  <testcase classname="models.GuitarTest" name="getNeckPickup_humbucker" time="0.001"/>
  <testcase classname="models.GuitarTest" name="setInlays_dot" time="0"/>
  <testcase classname="models.GuitarTest" name="setFretboardWood_rosewood" time="0"/>
  <testcase classname="models.GuitarTest" name="getNeckType_set" time="0"/>
  <testcase classname="models.GuitarTest" name="setControls_tone" time="0.003"/>
  <testcase classname="models.GuitarTest" name="setFretMaterial_vintage" time="0"/>
  <testcase classname="models.GuitarTest" name="setNeckWood_maple" time="0"/>
  <testcase classname="models.GuitarTest" name="getScaleLength_2475" time="0.001"/>
  <testcase classname="models.GuitarTest" name="setColor_white" time="0"/>
  <testcase classname="models.GuitarTest" name="setFinish_poly" time="0"/>
  <testcase classname="models.GuitarTest" name="getGuitarSwitch_3way" time="0"/>
  <testcase classname="models.GuitarTest" name="setNeckType_boltOn" time="0"/>
  <testcase classname="models.GuitarTest" name="getNeckProfile_1960sSlimTaper" time="0"/>
  <testcase classname="models.GuitarTest" name="setBinding_singlePly" time="0"/>
  <testcase classname="models.GuitarTest" name="getTuners_groverRotomatic" time="0"/>
  <testcase classname="models.GuitarTest" name="setNutMaterial_plastic" time="0"/>
  <testcase classname="models.GuitarTest" name="getFretboardRadius_12" time="0"/>
  <testcase classname="models.GuitarTest" name="getInlays_motherOfPearlBlock" time="0"/>
  <testcase classname="models.GuitarTest" name="getFretboardWood_ebony" time="0.002"/>
  <testcase classname="models.GuitarTest" name="getControls_volumeTone" time="0.001"/>
  <testcase classname="models.GuitarTest" name="getNutMaterial_bone" time="0"/>
  <testcase classname="models.GuitarTest" name="getKnobs_bellhat" time="0"/>
  <testcase classname="models.GuitarTest" name="getTunerButtons_nickelKeystone" time="0"/>
  <testcase classname="models.GuitarTest" name="setScaleLength_255" time="0"/>
  <testcase classname="models.GuitarTest" name="setCapacitor_orangeDrop022uf" time="0"/>
  <testcase classname="models.GuitarTest" name="getTailpiece_bigsbyB7" time="0"/>
  <testcase classname="models.GuitarTest" name="getBridge_roller" time="0"/>
  <testcase classname="models.GuitarTest" name="setBridgePickup_tele" time="0"/>
  <testcase classname="models.GuitarTest" name="getCapacitor_sprague022uf" time="0"/>
  <testcase classname="models.GuitarTest" name="getTonePots_500KCTS" time="0"/>
  <testcase classname="models.GuitarTest" name="setFrets_21" time="0"/>
  <testcase classname="models.GuitarTest" name="getFrets_22" time="0"/>
  <testcase classname="models.GuitarTest" name="setType_acoustic" time="0"/>
  <testcase classname="models.GuitarTest" name="getColor_ebony" time="0"/>
  <testcase classname="models.GuitarTest" name="setNutWidth_17075" time="0"/>
  <testcase classname="models.GuitarTest" name="setGuitarCase_gigBag" time="0"/>
  <testcase classname="models.GuitarTest" name="setTunerButtons_whiteButton" time="0"/>
  <testcase classname="models.GuitarTest" name="setPickguard_3ply" time="0"/>
  <testcase classname="models.GuitarTest" name="setTailpiece_stop" time="0"/>
  <testcase classname="models.GuitarTest" name="setMiddlePickup_humbucker" time="0"/>
  <testcase classname="models.GuitarTest" name="getVolumePots_500KCTS" time="0"/>
  <testcase classname="models.GuitarTest" name="setVolumePots_250KCTS" time="0"/>
  <testcase classname="models.GuitarTest" name="getBodyWood_mahogany" time="0"/>
  <testcase classname="models.GuitarTest" name="getMiddlePickup_nA" time="0"/>
  <testcase classname="models.GuitarTest" name="setTuners_kluson" time="0"/>
  <testcase classname="models.GuitarTest" name="getBinding_5Ply" time="0.001"/>
  <testcase classname="models.GuitarTest" name="setFretboardRadius_9" time="0"/>
  <testcase classname="models.GuitarTest" name="getBridgePickup_humbucker" time="0"/>
  <testcase classname="models.GuitarTest" name="getNutWidth_16875" time="0"/>
  <testcase classname="models.GuitarTest" name="setNeckProfile_1950sFat" time="0"/>
  <testcase classname="models.GuitarTest" name="getPickguard_5ply" time="0"/>
  <testcase classname="models.GuitarTest" name="setKnobs_witchHat" time="0"/>
  <testcase classname="models.GuitarTest" name="getFretMaterial_gibsonStyle" time="0"/>
</testsuite>