<?xml version="1.0" encoding="UTF-8" ?>
<testsuite tests="9" failures="0" name="dao.Sql2oGuitarDaoTest" time="0.343" errors="0" skipped="0">
  <properties>
[...]
</properties>
  <testcase classname="dao.Sql2oGuitarDaoTest" name="updateGuitar_1" time="0.06"/>
  <testcase classname="dao.Sql2oGuitarDaoTest" name="addGuitarSetsWishlist_false" time="0.02"/>
  <testcase classname="dao.Sql2oGuitarDaoTest" name="getAllGuitarsInCollection_1" time="0.037"/>
  <testcase classname="dao.Sql2oGuitarDaoTest" name="search_1" time="0.074"/>
  <testcase classname="dao.Sql2oGuitarDaoTest" name="deleteGuitar_1" time="0.046"/>
  <testcase classname="dao.Sql2oGuitarDaoTest" name="addGuitarSetsManufacturer_gibson" time="0.02"/>
  <testcase classname="dao.Sql2oGuitarDaoTest" name="getAllGuitars_2" time="0.036"/>
  <testcase classname="dao.Sql2oGuitarDaoTest" name="getAllGuitarsInWishlist_1" time="0.035"/>
  <testcase classname="dao.Sql2oGuitarDaoTest" name="addGuitarSetsColor_ebony" time="0.015"/>
</testsuite>